<?xml version="1.0" encoding="UTF-8"?>
<testsuite xmlns:xsi="http://www.w3.org/2001/XMLSchema-instance" xsi:noNamespaceSchemaLocation="https://maven.apache.org/surefire/maven-surefire-plugin/xsd/surefire-test-report.xsd" name="org.example.EchoServiceTest" time="0.018" tests="2" errors="0" skipped="0" failures="0">
  <properties>
[...]
</properties>
  <testcase name="givenValidRequestAndResponse_whenEcho_thenTrueIsResponse" classname="org.example.EchoServiceTest" time="0.011"/>
  <testcase name="givenValidRequestAndWrongResponse_whenEcho_thenFalseIsResponse" classname="org.example.EchoServiceTest" time="0"/>
</testsuite>